#
# There is insufficient memory for the Java Runtime Environment to continue.
# Native memory allocation (malloc) failed to allocate 1048576 bytes. Error detail: AllocateHeap
# Possible reasons:
#   The system is out of physical RAM or swap space
#   This process is running with CompressedOops enabled, and the Java Heap may be blocking the growth of the native heap
# Possible solutions:
#   Reduce memory load on the system
#   Increase physical memory or swap space
#   Check if swap backing store is full
#   Decrease Java heap size (-Xmx/-Xms)
#   Decrease number of Java threads
#   Decrease Java thread stack sizes (-Xss)
#   Set larger code cache with -XX:ReservedCodeCacheSize=
#   JVM is running with Unscaled Compressed Oops mode in which the Java heap is
#     placed in the first 4GB address space. The Java Heap base address is the
#     maximum limit for the native heap growth. Please use -XX:HeapBaseMinAddress
#     to set the Java Heap base and to place the Java Heap above 4GB virtual address.
# This output file may be truncated or incomplete.
#
#  Out of Memory Error (allocation.cpp:44), pid=45724, tid=45756
#
# JRE version: OpenJDK Runtime Environment Temurin-21.0.8+9 (21.0.8+9) (build 21.0.8+9-LTS)
# Java VM: OpenJDK 64-Bit Server VM Temurin-21.0.8+9 (21.0.8+9-LTS, mixed mode, sharing, tiered, compressed oops, compressed class ptrs, parallel gc, windows-amd64)
# No core dump will be written. Minidumps are not enabled by default on client versions of Windows
#

---------------  S U M M A R Y ------------

Command Line: --add-modules=ALL-SYSTEM --add-opens=java.base/java.util=ALL-UNNAMED --add-opens=java.base/java.lang=ALL-UNNAMED --add-opens=java.base/sun.nio.fs=ALL-UNNAMED -Declipse.application=org.eclipse.jdt.ls.core.id1 -Dosgi.bundles.defaultStartLevel=4 -Declipse.product=org.eclipse.jdt.ls.core.product -Djava.import.generatesMetadataFilesAtProjectRoot=false -DDetectVMInstallationsJob.disabled=true -Dfile.encoding=utf8 -XX:+UseParallelGC -XX:GCTimeRatio=4 -XX:AdaptiveSizePolicyWeight=90 -Dsun.zip.disableMemoryMapping=true -Xmx2G -Xms100m -Xlog:disable -javaagent:c:\Users\carol\.vscode\extensions\redhat.java-1.45.0-win32-x64\lombok\lombok-1.18.39-4050.jar -XX:+HeapDumpOnOutOfMemoryError -XX:HeapDumpPath=c:\Users\carol\AppData\Roaming\Code\User\workspaceStorage\3a27b4590059524d07cab0e0458ff650\redhat.java -Daether.dependencyCollector.impl=bf c:\Users\carol\.vscode\extensions\redhat.java-1.45.0-win32-x64\server\plugins\org.eclipse.equinox.launcher_1.7.0.v20250519-0528.jar -configuration c:\Users\carol\AppData\Roaming\Code\User\globalStorage\redhat.java\1.45.0\config_win -data c:\Users\carol\AppData\Roaming\Code\User\workspaceStorage\3a27b4590059524d07cab0e0458ff650\redhat.java\jdt_ws --pipe=\\.\pipe\lsp-5eafbd4137e4cff8d386032ff0056aca-sock

Host: Intel(R) Core(TM) Ultra 9 185H, 22 cores, 31G,  Windows 11 , 64 bit Build 26100 (10.0.26100.5074)
Time: Fri Sep 26 17:37:05 2025 elapsed time: 274852.338290 seconds (3d 4h 20m 52s)

---------------  T H R E A D  ---------------

Current thread (0x0000023473a466d0):  JavaThread "Attach Listener" daemon [_thread_in_vm, id=45756, stack(0x00000037aac00000,0x00000037aad00000) (1024K)]

Stack: [0x00000037aac00000,0x00000037aad00000]
Native frames: (J=compiled Java code, j=interpreted, Vv=VM code, C=native code)
V  [jvm.dll+0x6d2449]
V  [jvm.dll+0x8ae341]
V  [jvm.dll+0x8b08be]
V  [jvm.dll+0x8b0fa3]
V  [jvm.dll+0x280c96]
V  [jvm.dll+0xc0347]
V  [jvm.dll+0x6d2cf9]
V  [jvm.dll+0x131116]
V  [jvm.dll+0x3f2d16]
V  [jvm.dll+0x857e6b]
V  [jvm.dll+0x6d0b0d]
C  [ucrtbase.dll+0x37b0]
C  [KERNEL32.DLL+0x2e8d7]
C  [ntdll.dll+0x8d9c]


---------------  P R O C E S S  ---------------

Threads class SMR info:
_java_thread_list=0x000002347dcccd30, length=48, elements={
0x000002345b98c980, 0x00000234724267b0, 0x0000023473a3e5c0, 0x0000023473a45950,
0x0000023473a466d0, 0x0000023473a4e3b0, 0x0000023473a52000, 0x0000023473a60a50,
0x0000023473a626d0, 0x0000023473bb2aa0, 0x000002347a1b48e0, 0x000002347ae37e90,
0x000002347af5b460, 0x000002347abecf80, 0x000002347adb2bf0, 0x000002347b222280,
0x000002347abc1d50, 0x000002347b1be560, 0x000002347b1c0630, 0x000002347b1bf280,
0x000002347b1bf910, 0x000002347b1bffa0, 0x000002347dff14c0, 0x000002347dfefa80,
0x000002347dff07a0, 0x000002347dff2870, 0x000002347dff1b50, 0x000002347dff2f00,
0x000002347dff0e30, 0x000002347dff21e0, 0x000002347dff3590, 0x000002347dff0110,
0x000002347dff5660, 0x000002347dff4940, 0x000002347dff5cf0, 0x000002347dff70a0,
0x000002347dff6380, 0x000002347dff4fd0, 0x000002347dff6a10, 0x000002347dff3c20,
0x000002347dff42b0, 0x000002347de2ab10, 0x000002347de2b830, 0x000002347de2bec0,
0x000002347de29df0, 0x000002347de2cbe0, 0x000002347de2a480, 0x000002347de2df90
}

Java Threads: ( => current thread )
  0x000002345b98c980 JavaThread "main"                              [_thread_blocked, id=45416, stack(0x00000037aa500000,0x00000037aa600000) (1024K)]
  0x00000234724267b0 JavaThread "Reference Handler"          daemon [_thread_blocked, id=45692, stack(0x00000037aa900000,0x00000037aaa00000) (1024K)]
  0x0000023473a3e5c0 JavaThread "Finalizer"                  daemon [_thread_blocked, id=45720, stack(0x00000037aaa00000,0x00000037aab00000) (1024K)]
  0x0000023473a45950 JavaThread "Signal Dispatcher"          daemon [_thread_blocked, id=45420, stack(0x00000037aab00000,0x00000037aac00000) (1024K)]
=>0x0000023473a466d0 JavaThread "Attach Listener"            daemon [_thread_in_vm, id=45756, stack(0x00000037aac00000,0x00000037aad00000) (1024K)]
  0x0000023473a4e3b0 JavaThread "Service Thread"             daemon [_thread_blocked, id=44484, stack(0x00000037aad00000,0x00000037aae00000) (1024K)]
  0x0000023473a52000 JavaThread "Monitor Deflation Thread"   daemon [_thread_blocked, id=45744, stack(0x00000037aae00000,0x00000037aaf00000) (1024K)]
  0x0000023473a60a50 JavaThread "C2 CompilerThread0"         daemon [_thread_blocked, id=45824, stack(0x00000037aaf00000,0x00000037ab000000) (1024K)]
  0x0000023473a626d0 JavaThread "C1 CompilerThread0"         daemon [_thread_blocked, id=45712, stack(0x00000037ab000000,0x00000037ab100000) (1024K)]
  0x0000023473bb2aa0 JavaThread "Common-Cleaner"             daemon [_thread_blocked, id=45020, stack(0x00000037ab200000,0x00000037ab300000) (1024K)]
  0x000002347a1b48e0 JavaThread "Notification Thread"        daemon [_thread_blocked, id=45888, stack(0x00000037ab600000,0x00000037ab700000) (1024K)]
  0x000002347ae37e90 JavaThread "Active Thread: Equinox Container: b2163520-32c4-4a15-a1ac-2ce5b93b3cde"        [_thread_blocked, id=33956, stack(0x00000037abf00000,0x00000037ac000000) (1024K)]
  0x000002347af5b460 JavaThread "Refresh Thread: Equinox Container: b2163520-32c4-4a15-a1ac-2ce5b93b3cde" daemon [_thread_blocked, id=39880, stack(0x00000037ac100000,0x00000037ac200000) (1024K)]
  0x000002347abecf80 JavaThread "Framework Event Dispatcher: Equinox Container: b2163520-32c4-4a15-a1ac-2ce5b93b3cde" daemon [_thread_blocked, id=29520, stack(0x00000037ac200000,0x00000037ac300000) (1024K)]
  0x000002347adb2bf0 JavaThread "Start Level: Equinox Container: b2163520-32c4-4a15-a1ac-2ce5b93b3cde" daemon [_thread_blocked, id=46040, stack(0x00000037ac300000,0x00000037ac400000) (1024K)]
  0x000002347b222280 JavaThread "Bundle File Closer"         daemon [_thread_blocked, id=46068, stack(0x00000037ac700000,0x00000037ac800000) (1024K)]
  0x000002347abc1d50 JavaThread "SCR Component Actor"        daemon [_thread_blocked, id=45396, stack(0x00000037ac800000,0x00000037ac900000) (1024K)]
  0x000002347b1be560 JavaThread "Worker-JM"                         [_thread_blocked, id=45092, stack(0x00000037acb00000,0x00000037acc00000) (1024K)]
  0x000002347b1c0630 JavaThread "JNA Cleaner"                daemon [_thread_blocked, id=42260, stack(0x00000037ab100000,0x00000037ab200000) (1024K)]
  0x000002347b1bf280 JavaThread "Worker-0"                          [_thread_blocked, id=39592, stack(0x00000037ab300000,0x00000037ab400000) (1024K)]
  0x000002347b1bf910 JavaThread "Worker-1"                          [_thread_blocked, id=45316, stack(0x00000037ab400000,0x00000037ab500000) (1024K)]
  0x000002347b1bffa0 JavaThread "Java indexing"              daemon [_thread_blocked, id=46360, stack(0x00000037ad300000,0x00000037ad400000) (1024K)]
  0x000002347dff14c0 JavaThread "Thread-2"                   daemon [_thread_in_native, id=46588, stack(0x00000037ad800000,0x00000037ad900000) (1024K)]
  0x000002347dfefa80 JavaThread "Thread-3"                   daemon [_thread_in_native, id=46592, stack(0x00000037ad900000,0x00000037ada00000) (1024K)]
  0x000002347dff07a0 JavaThread "Thread-4"                   daemon [_thread_in_native, id=46596, stack(0x00000037ada00000,0x00000037adb00000) (1024K)]
  0x000002347dff2870 JavaThread "Thread-5"                   daemon [_thread_in_native, id=46600, stack(0x00000037adb00000,0x00000037adc00000) (1024K)]
  0x000002347dff1b50 JavaThread "Thread-6"                   daemon [_thread_in_native, id=46604, stack(0x00000037adc00000,0x00000037add00000) (1024K)]
  0x000002347dff2f00 JavaThread "Thread-7"                   daemon [_thread_in_native, id=46608, stack(0x00000037add00000,0x00000037ade00000) (1024K)]
  0x000002347dff0e30 JavaThread "Thread-8"                   daemon [_thread_in_native, id=46612, stack(0x00000037ade00000,0x00000037adf00000) (1024K)]
  0x000002347dff21e0 JavaThread "Thread-9"                   daemon [_thread_in_native, id=46616, stack(0x00000037adf00000,0x00000037ae000000) (1024K)]
  0x000002347dff3590 JavaThread "Thread-10"                  daemon [_thread_in_native, id=46620, stack(0x00000037ae000000,0x00000037ae100000) (1024K)]
  0x000002347dff0110 JavaThread "Thread-11"                  daemon [_thread_in_native, id=46624, stack(0x00000037ae100000,0x00000037ae200000) (1024K)]
  0x000002347dff5660 JavaThread "Thread-12"                  daemon [_thread_in_native, id=46628, stack(0x00000037ae200000,0x00000037ae300000) (1024K)]
  0x000002347dff4940 JavaThread "Thread-13"                  daemon [_thread_in_native, id=46632, stack(0x00000037ae300000,0x00000037ae400000) (1024K)]
  0x000002347dff5cf0 JavaThread "Thread-14"                  daemon [_thread_in_native, id=46640, stack(0x00000037ae400000,0x00000037ae500000) (1024K)]
  0x000002347dff70a0 JavaThread "Thread-15"                  daemon [_thread_in_native, id=46644, stack(0x00000037ae500000,0x00000037ae600000) (1024K)]
  0x000002347dff6380 JavaThread "Thread-16"                  daemon [_thread_in_native, id=46648, stack(0x00000037ae600000,0x00000037ae700000) (1024K)]
  0x000002347dff4fd0 JavaThread "Thread-17"                  daemon [_thread_in_native, id=46652, stack(0x00000037ae700000,0x00000037ae800000) (1024K)]
  0x000002347dff6a10 JavaThread "Thread-18"                  daemon [_thread_in_native, id=46656, stack(0x00000037ae800000,0x00000037ae900000) (1024K)]
  0x000002347dff3c20 JavaThread "Thread-19"                  daemon [_thread_in_native, id=46660, stack(0x00000037ae900000,0x00000037aea00000) (1024K)]
  0x000002347dff42b0 JavaThread "Thread-20"                  daemon [_thread_in_native, id=46664, stack(0x00000037aea00000,0x00000037aeb00000) (1024K)]
  0x000002347de2ab10 JavaThread "Thread-21"                  daemon [_thread_in_native, id=46672, stack(0x00000037aeb00000,0x00000037aec00000) (1024K)]
  0x000002347de2b830 JavaThread "Thread-22"                  daemon [_thread_in_native, id=46676, stack(0x00000037aec00000,0x00000037aed00000) (1024K)]
  0x000002347de2bec0 JavaThread "Thread-23"                  daemon [_thread_in_native, id=46680, stack(0x00000037aed00000,0x00000037aee00000) (1024K)]
  0x000002347de29df0 JavaThread "Thread-24"                  daemon [_thread_in_native, id=46684, stack(0x00000037aee00000,0x00000037aef00000) (1024K)]
  0x000002347de2cbe0 JavaThread "pool-2-thread-1"                   [_thread_blocked, id=46696, stack(0x00000037aef00000,0x00000037af000000) (1024K)]
  0x000002347de2a480 JavaThread "WorkspaceEventsHandler"            [_thread_blocked, id=46864, stack(0x00000037af700000,0x00000037af800000) (1024K)]
  0x000002347de2df90 JavaThread "pool-1-thread-1"                   [_thread_blocked, id=46868, stack(0x00000037af800000,0x00000037af900000) (1024K)]
Total: 48

Other Threads:
  0x000002345ba4e870 VMThread "VM Thread"                           [id=45804, stack(0x00000037aa800000,0x00000037aa900000) (1024K)]
  0x000002347230ca00 WatcherThread "VM Periodic Task Thread"        [id=45904, stack(0x00000037aa700000,0x00000037aa800000) (1024K)]
  0x000002345b9aaa60 WorkerThread "GC Thread#0"                     [id=46032, stack(0x00000037aa600000,0x00000037aa700000) (1024K)]
  0x000002347aae6ac0 WorkerThread "GC Thread#1"                     [id=45572, stack(0x00000037ab900000,0x00000037aba00000) (1024K)]
  0x000002347a44e540 WorkerThread "GC Thread#2"                     [id=45924, stack(0x00000037aba00000,0x00000037abb00000) (1024K)]
  0x000002347a44e8e0 WorkerThread "GC Thread#3"                     [id=45928, stack(0x00000037abb00000,0x00000037abc00000) (1024K)]
  0x000002347a452e00 WorkerThread "GC Thread#4"                     [id=43372, stack(0x00000037abc00000,0x00000037abd00000) (1024K)]
  0x000002347a4531a0 WorkerThread "GC Thread#5"                     [id=45384, stack(0x00000037abd00000,0x00000037abe00000) (1024K)]
  0x000002347aa083b0 WorkerThread "GC Thread#6"                     [id=44352, stack(0x00000037abe00000,0x00000037abf00000) (1024K)]
  0x000002347aa08af0 WorkerThread "GC Thread#7"                     [id=40272, stack(0x00000037ac000000,0x00000037ac100000) (1024K)]
  0x000002347aa08e90 WorkerThread "GC Thread#8"                     [id=30240, stack(0x00000037ac400000,0x00000037ac500000) (1024K)]
  0x000002347aa09d10 WorkerThread "GC Thread#9"                     [id=45788, stack(0x00000037ac500000,0x00000037ac600000) (1024K)]
  0x000002347aa095d0 WorkerThread "GC Thread#10"                    [id=44496, stack(0x00000037ac600000,0x00000037ac700000) (1024K)]
  0x000002347b31b9f0 WorkerThread "GC Thread#11"                    [id=44868, stack(0x00000037aca00000,0x00000037acb00000) (1024K)]
  0x000002347b31af10 WorkerThread "GC Thread#12"                    [id=44068, stack(0x00000037acc00000,0x00000037acd00000) (1024K)]
  0x000002347b31c130 WorkerThread "GC Thread#13"                    [id=45760, stack(0x00000037acd00000,0x00000037ace00000) (1024K)]
  0x000002347b31bd90 WorkerThread "GC Thread#14"                    [id=45956, stack(0x00000037ace00000,0x00000037acf00000) (1024K)]
  0x000002347b07b6e0 WorkerThread "GC Thread#15"                    [id=46204, stack(0x00000037acf00000,0x00000037ad000000) (1024K)]
Total: 18

Threads with active compile tasks:
Total: 0

VM state: not at safepoint (normal execution)

VM Mutex/Monitor currently owned by a thread: None

Heap address: 0x0000000080000000, size: 2048 MB, Compressed Oops mode: 32-bit

CDS archive(s) mapped at: [0x0000023400000000-0x0000023400ba0000-0x0000023400ba0000), size 12189696, SharedBaseAddress: 0x0000023400000000, ArchiveRelocationMode: 1.
Compressed class space mapped at: 0x0000023401000000-0x0000023441000000, reserved size: 1073741824
Narrow klass base: 0x0000023400000000, Narrow klass shift: 0, Narrow klass range: 0x100000000

GC Precious Log:
 CardTable entry size: 512
 CPUs: 22 total, 22 available
 Memory: 32373M
 Large Page Support: Disabled
 NUMA Support: Disabled
 Compressed Oops: Enabled (32-bit)
 Alignments: Space 512K, Generation 512K, Heap 2M
 Heap Min Capacity: 100M
 Heap Initial Capacity: 100M
 Heap Max Capacity: 2G
 Pre-touch: Disabled
 Parallel Workers: 16

Heap:
 PSYoungGen      total 7168K, used 4376K [0x00000000d5580000, 0x00000000d6200000, 0x0000000100000000)
  eden space 6144K, 57% used [0x00000000d5580000,0x00000000d58f6258,0x00000000d5b80000)
  from space 1024K, 81% used [0x00000000d5d00000,0x00000000d5dd0020,0x00000000d5e00000)
  to   space 2048K, 0% used [0x00000000d6000000,0x00000000d6000000,0x00000000d6200000)
 ParOldGen       total 448000K, used 447858K [0x0000000080000000, 0x000000009b580000, 0x00000000d5580000)
  object space 448000K, 99% used [0x0000000080000000,0x000000009b55cb50,0x000000009b580000)
 Metaspace       used 64173K, committed 65600K, reserved 1114112K
  class space    used 6882K, committed 7488K, reserved 1048576K

Card table byte_map: [0x000002345b360000,0x000002345b770000] _byte_map_base: 0x000002345af60000

Marking Bits: (ParMarkBitMap*) 0x00007ffaa7b9a340
 Begin Bits: [0x000002346de30000, 0x000002346fe30000)
 End Bits:   [0x000002346fe30000, 0x0000023471e30000)

Polling page: 0x000002345b150000

Metaspace:

Usage:
  Non-class:     55.95 MB used.
      Class:      6.72 MB used.
       Both:     62.67 MB used.

Virtual space:
  Non-class space:       64.00 MB reserved,      56.75 MB ( 89%) committed,  1 nodes.
      Class space:        1.00 GB reserved,       7.31 MB ( <1%) committed,  1 nodes.
             Both:        1.06 GB reserved,      64.06 MB (  6%) committed. 

Chunk freelists:
   Non-Class:  7.23 MB
       Class:  8.53 MB
        Both:  15.77 MB

MaxMetaspaceSize: unlimited
CompressedClassSpaceSize: 1.00 GB
Initial GC threshold: 21.00 MB
Current GC threshold: 97.31 MB
CDS: on
 - commit_granule_bytes: 65536.
 - commit_granule_words: 8192.
 - virtual_space_node_default_size: 8388608.
 - enlarge_chunks_in_place: 1.
 - use_allocation_guard: 0.


Internal statistics:

num_allocs_failed_limit: 9.
num_arena_births: 980.
num_arena_deaths: 14.
num_vsnodes_births: 2.
num_vsnodes_deaths: 0.
num_space_committed: 1025.
num_space_uncommitted: 0.
num_chunks_returned_to_freelist: 23.
num_chunks_taken_from_freelist: 3691.
num_chunk_merges: 15.
num_chunk_splits: 2321.
num_chunks_enlarged: 1382.
num_inconsistent_stats: 0.

CodeHeap 'non-profiled nmethods': size=119168Kb used=7720Kb max_used=7720Kb free=111447Kb
 bounds [0x0000023466720000, 0x0000023466eb0000, 0x000002346db80000]
CodeHeap 'profiled nmethods': size=119104Kb used=20418Kb max_used=20418Kb free=98686Kb
 bounds [0x000002345eb80000, 0x000002345ff80000, 0x0000023465fd0000]
CodeHeap 'non-nmethods': size=7488Kb used=1477Kb max_used=3230Kb free=6010Kb
 bounds [0x0000023465fd0000, 0x0000023466310000, 0x0000023466720000]
CodeCache: size=245760Kb, used=29615Kb, max_used=31368Kb, free=216143Kb
 total_blobs=10162, nmethods=9366, adapters=702, full_count=0
Compilation: enabled, stopped_count=0, restarted_count=0

Compilation events (20 events):
Event: 178937.539 Thread 0x0000023473a60a50 10174   !   4       org.eclipse.jdt.ls.core.internal.ParentProcessWatcher::parentProcessStillRunning (492 bytes)
Event: 178937.556 Thread 0x0000023473a60a50 nmethod 10174 0x0000023466ea6b10 code [0x0000023466ea6d40, 0x0000023466ea71b0]
Event: 178937.556 Thread 0x0000023473a60a50 10175       4       java.lang.ProcessHandleImpl::get (51 bytes)
Event: 178937.558 Thread 0x0000023473a60a50 nmethod 10175 0x0000023466ea7610 code [0x0000023466ea77c0, 0x0000023466ea7960]
Event: 179475.094 Thread 0x0000023473a626d0 10176       3       org.eclipse.core.internal.resources.Resource::contains (131 bytes)
Event: 179475.097 Thread 0x0000023473a626d0 nmethod 10176 0x000002345ff6c110 code [0x000002345ff6c3a0, 0x000002345ff6d340]
Event: 205408.519 Thread 0x0000023473a60a50 10177       4       org.eclipse.core.internal.resources.MarkerAttributeMap::shareStrings (92 bytes)
Event: 205408.553 Thread 0x0000023473a60a50 nmethod 10177 0x0000023466ea7b10 code [0x0000023466ea7dc0, 0x0000023466ea8ca8]
Event: 207328.561 Thread 0x0000023473a60a50 10178       4       org.eclipse.core.internal.jobs.JobManager::now (16 bytes)
Event: 207328.568 Thread 0x0000023473a60a50 nmethod 10178 0x0000023466ea9d90 code [0x0000023466ea9f20, 0x0000023466eaa088]
Event: 212608.612 Thread 0x0000023473a626d0 10179       3       org.eclipse.core.internal.jobs.DeadlockDetector::indexOf (43 bytes)
Event: 212608.618 Thread 0x0000023473a626d0 nmethod 10179 0x000002345ff6d710 code [0x000002345ff6d900, 0x000002345ff6e0b8]
Event: 212608.618 Thread 0x0000023473a626d0 10180       3       org.eclipse.core.internal.jobs.DeadlockDetector::indexOf (43 bytes)
Event: 212608.619 Thread 0x0000023473a626d0 nmethod 10180 0x000002345ff6e390 code [0x000002345ff6e580, 0x000002345ff6ed38]
Event: 214408.630 Thread 0x0000023473a626d0 10181       3       java.lang.Thread::checkAccess (14 bytes)
Event: 214408.630 Thread 0x0000023473a626d0 nmethod 10181 0x000002345ff6f010 code [0x000002345ff6f1c0, 0x000002345ff6f3b0]
Event: 272660.488 Thread 0x0000023473a626d0 10182   !   3       org.eclipse.core.internal.jobs.InternalJob::setRunCanceled (43 bytes)
Event: 272660.491 Thread 0x0000023473a626d0 nmethod 10182 0x000002345ff6f490 code [0x000002345ff6f640, 0x000002345ff6f8a8]
Event: 272660.491 Thread 0x0000023473a626d0 10183       3       org.eclipse.core.internal.jobs.JobQueue::enqueue (83 bytes)
Event: 272660.493 Thread 0x0000023473a626d0 nmethod 10183 0x000002345ff6f990 code [0x000002345ff6fbe0, 0x000002345ff70480]

GC Heap History (20 events):
Event: 13.280 GC heap before
{Heap before GC invocations=539 (full 3):
 PSYoungGen      total 2560K, used 2272K [0x00000000d5580000, 0x00000000d5980000, 0x0000000100000000)
  eden space 1536K, 100% used [0x00000000d5580000,0x00000000d5700000,0x00000000d5700000)
  from space 1024K, 71% used [0x00000000d5700000,0x00000000d57b8000,0x00000000d5800000)
  to   space 1024K, 0% used [0x00000000d5880000,0x00000000d5880000,0x00000000d5980000)
 ParOldGen       total 431104K, used 430729K [0x0000000080000000, 0x000000009a500000, 0x00000000d5580000)
  object space 431104K, 99% used [0x0000000080000000,0x000000009a4a2478,0x000000009a500000)
 Metaspace       used 63686K, committed 65088K, reserved 1114112K
  class space    used 6844K, committed 7488K, reserved 1048576K
}
Event: 13.281 GC heap after
{Heap after GC invocations=539 (full 3):
 PSYoungGen      total 3072K, used 832K [0x00000000d5580000, 0x00000000d5980000, 0x0000000100000000)
  eden space 2048K, 0% used [0x00000000d5580000,0x00000000d5580000,0x00000000d5780000)
  from space 1024K, 81% used [0x00000000d5880000,0x00000000d5950000,0x00000000d5980000)
  to   space 1024K, 0% used [0x00000000d5780000,0x00000000d5780000,0x00000000d5880000)
 ParOldGen       total 431616K, used 431281K [0x0000000080000000, 0x000000009a580000, 0x00000000d5580000)
  object space 431616K, 99% used [0x0000000080000000,0x000000009a52c478,0x000000009a580000)
 Metaspace       used 63686K, committed 65088K, reserved 1114112K
  class space    used 6844K, committed 7488K, reserved 1048576K
}
Event: 13.282 GC heap before
{Heap before GC invocations=540 (full 3):
 PSYoungGen      total 3072K, used 2880K [0x00000000d5580000, 0x00000000d5980000, 0x0000000100000000)
  eden space 2048K, 100% used [0x00000000d5580000,0x00000000d5780000,0x00000000d5780000)
  from space 1024K, 81% used [0x00000000d5880000,0x00000000d5950000,0x00000000d5980000)
  to   space 1024K, 0% used [0x00000000d5780000,0x00000000d5780000,0x00000000d5880000)
 ParOldGen       total 431616K, used 431281K [0x0000000080000000, 0x000000009a580000, 0x00000000d5580000)
  object space 431616K, 99% used [0x0000000080000000,0x000000009a52c478,0x000000009a580000)
 Metaspace       used 63686K, committed 65088K, reserved 1114112K
  class space    used 6844K, committed 7488K, reserved 1048576K
}
Event: 13.283 GC heap after
{Heap after GC invocations=540 (full 3):
 PSYoungGen      total 3072K, used 832K [0x00000000d5580000, 0x00000000d5a00000, 0x0000000100000000)
  eden space 2048K, 0% used [0x00000000d5580000,0x00000000d5580000,0x00000000d5780000)
  from space 1024K, 81% used [0x00000000d5780000,0x00000000d5850000,0x00000000d5880000)
  to   space 1024K, 0% used [0x00000000d5900000,0x00000000d5900000,0x00000000d5a00000)
 ParOldGen       total 432128K, used 431857K [0x0000000080000000, 0x000000009a600000, 0x00000000d5580000)
  object space 432128K, 99% used [0x0000000080000000,0x000000009a5bc478,0x000000009a600000)
 Metaspace       used 63686K, committed 65088K, reserved 1114112K
  class space    used 6844K, committed 7488K, reserved 1048576K
}
Event: 13.284 GC heap before
{Heap before GC invocations=541 (full 3):
 PSYoungGen      total 3072K, used 2879K [0x00000000d5580000, 0x00000000d5a00000, 0x0000000100000000)
  eden space 2048K, 99% used [0x00000000d5580000,0x00000000d577ffc8,0x00000000d5780000)
  from space 1024K, 81% used [0x00000000d5780000,0x00000000d5850000,0x00000000d5880000)
  to   space 1024K, 0% used [0x00000000d5900000,0x00000000d5900000,0x00000000d5a00000)
 ParOldGen       total 432128K, used 431857K [0x0000000080000000, 0x000000009a600000, 0x00000000d5580000)
  object space 432128K, 99% used [0x0000000080000000,0x000000009a5bc478,0x000000009a600000)
 Metaspace       used 63686K, committed 65088K, reserved 1114112K
  class space    used 6844K, committed 7488K, reserved 1048576K
}
Event: 13.285 GC heap after
{Heap after GC invocations=541 (full 3):
 PSYoungGen      total 3584K, used 896K [0x00000000d5580000, 0x00000000d5a00000, 0x0000000100000000)
  eden space 2560K, 0% used [0x00000000d5580000,0x00000000d5580000,0x00000000d5800000)
  from space 1024K, 87% used [0x00000000d5900000,0x00000000d59e0000,0x00000000d5a00000)
  to   space 1024K, 0% used [0x00000000d5800000,0x00000000d5800000,0x00000000d5900000)
 ParOldGen       total 432640K, used 432601K [0x0000000080000000, 0x000000009a680000, 0x00000000d5580000)
  object space 432640K, 99% used [0x0000000080000000,0x000000009a676478,0x000000009a680000)
 Metaspace       used 63686K, committed 65088K, reserved 1114112K
  class space    used 6844K, committed 7488K, reserved 1048576K
}
Event: 13.288 GC heap before
{Heap before GC invocations=542 (full 3):
 PSYoungGen      total 3584K, used 3456K [0x00000000d5580000, 0x00000000d5a00000, 0x0000000100000000)
  eden space 2560K, 100% used [0x00000000d5580000,0x00000000d5800000,0x00000000d5800000)
  from space 1024K, 87% used [0x00000000d5900000,0x00000000d59e0000,0x00000000d5a00000)
  to   space 1024K, 0% used [0x00000000d5800000,0x00000000d5800000,0x00000000d5900000)
 ParOldGen       total 432640K, used 432601K [0x0000000080000000, 0x000000009a680000, 0x00000000d5580000)
  object space 432640K, 99% used [0x0000000080000000,0x000000009a676478,0x000000009a680000)
 Metaspace       used 63690K, committed 65088K, reserved 1114112K
  class space    used 6845K, committed 7488K, reserved 1048576K
}
Event: 13.290 GC heap after
{Heap after GC invocations=542 (full 3):
 PSYoungGen      total 3584K, used 1014K [0x00000000d5580000, 0x00000000d5f80000, 0x0000000100000000)
  eden space 2560K, 0% used [0x00000000d5580000,0x00000000d5580000,0x00000000d5800000)
  from space 1024K, 99% used [0x00000000d5800000,0x00000000d58fdad0,0x00000000d5900000)
  to   space 3584K, 0% used [0x00000000d5c00000,0x00000000d5c00000,0x00000000d5f80000)
 ParOldGen       total 434688K, used 434483K [0x0000000080000000, 0x000000009a880000, 0x00000000d5580000)
  object space 434688K, 99% used [0x0000000080000000,0x000000009a84cfb0,0x000000009a880000)
 Metaspace       used 63690K, committed 65088K, reserved 1114112K
  class space    used 6845K, committed 7488K, reserved 1048576K
}
Event: 13.294 GC heap before
{Heap before GC invocations=543 (full 3):
 PSYoungGen      total 3584K, used 3574K [0x00000000d5580000, 0x00000000d5f80000, 0x0000000100000000)
  eden space 2560K, 100% used [0x00000000d5580000,0x00000000d5800000,0x00000000d5800000)
  from space 1024K, 99% used [0x00000000d5800000,0x00000000d58fdad0,0x00000000d5900000)
  to   space 3584K, 0% used [0x00000000d5c00000,0x00000000d5c00000,0x00000000d5f80000)
 ParOldGen       total 434688K, used 434483K [0x0000000080000000, 0x000000009a880000, 0x00000000d5580000)
  object space 434688K, 99% used [0x0000000080000000,0x000000009a84cfb0,0x000000009a880000)
 Metaspace       used 63690K, committed 65088K, reserved 1114112K
  class space    used 6845K, committed 7488K, reserved 1048576K
}
Event: 13.296 GC heap after
{Heap after GC invocations=543 (full 3):
 PSYoungGen      total 6144K, used 2752K [0x00000000d5580000, 0x00000000d5f00000, 0x0000000100000000)
  eden space 3072K, 0% used [0x00000000d5580000,0x00000000d5580000,0x00000000d5880000)
  from space 3072K, 89% used [0x00000000d5c00000,0x00000000d5eb0000,0x00000000d5f00000)
  to   space 3072K, 0% used [0x00000000d5900000,0x00000000d5900000,0x00000000d5c00000)
 ParOldGen       total 435712K, used 435562K [0x0000000080000000, 0x000000009a980000, 0x00000000d5580000)
  object space 435712K, 99% used [0x0000000080000000,0x000000009a95aa80,0x000000009a980000)
 Metaspace       used 63690K, committed 65088K, reserved 1114112K
  class space    used 6845K, committed 7488K, reserved 1048576K
}
Event: 13.304 GC heap before
{Heap before GC invocations=544 (full 3):
 PSYoungGen      total 6144K, used 5590K [0x00000000d5580000, 0x00000000d5f00000, 0x0000000100000000)
  eden space 3072K, 92% used [0x00000000d5580000,0x00000000d5845b58,0x00000000d5880000)
  from space 3072K, 89% used [0x00000000d5c00000,0x00000000d5eb0000,0x00000000d5f00000)
  to   space 3072K, 0% used [0x00000000d5900000,0x00000000d5900000,0x00000000d5c00000)
 ParOldGen       total 435712K, used 435562K [0x0000000080000000, 0x000000009a980000, 0x00000000d5580000)
  object space 435712K, 99% used [0x0000000080000000,0x000000009a95aa80,0x000000009a980000)
 Metaspace       used 63690K, committed 65088K, reserved 1114112K
  class space    used 6845K, committed 7488K, reserved 1048576K
}
Event: 13.306 GC heap after
{Heap after GC invocations=544 (full 3):
 PSYoungGen      total 6656K, used 3034K [0x00000000d5580000, 0x00000000d6080000, 0x0000000100000000)
  eden space 3584K, 0% used [0x00000000d5580000,0x00000000d5580000,0x00000000d5900000)
  from space 3072K, 98% used [0x00000000d5900000,0x00000000d5bf69c8,0x00000000d5c00000)
  to   space 3584K, 0% used [0x00000000d5d00000,0x00000000d5d00000,0x00000000d6080000)
 ParOldGen       total 438272K, used 438178K [0x0000000080000000, 0x000000009ac00000, 0x00000000d5580000)
  object space 438272K, 99% used [0x0000000080000000,0x000000009abe8a80,0x000000009ac00000)
 Metaspace       used 63690K, committed 65088K, reserved 1114112K
  class space    used 6845K, committed 7488K, reserved 1048576K
}
Event: 13.315 GC heap before
{Heap before GC invocations=545 (full 3):
 PSYoungGen      total 6656K, used 6550K [0x00000000d5580000, 0x00000000d6080000, 0x0000000100000000)
  eden space 3584K, 98% used [0x00000000d5580000,0x00000000d58eef88,0x00000000d5900000)
  from space 3072K, 98% used [0x00000000d5900000,0x00000000d5bf69c8,0x00000000d5c00000)
  to   space 3584K, 0% used [0x00000000d5d00000,0x00000000d5d00000,0x00000000d6080000)
 ParOldGen       total 438272K, used 438178K [0x0000000080000000, 0x000000009ac00000, 0x00000000d5580000)
  object space 438272K, 99% used [0x0000000080000000,0x000000009abe8a80,0x000000009ac00000)
 Metaspace       used 63713K, committed 65152K, reserved 1114112K
  class space    used 6845K, committed 7488K, reserved 1048576K
}
Event: 13.316 GC heap after
{Heap after GC invocations=545 (full 3):
 PSYoungGen      total 6144K, used 1373K [0x00000000d5580000, 0x00000000d5e80000, 0x0000000100000000)
  eden space 4608K, 0% used [0x00000000d5580000,0x00000000d5580000,0x00000000d5a00000)
  from space 1536K, 89% used [0x00000000d5d00000,0x00000000d5e57758,0x00000000d5e80000)
  to   space 2048K, 0% used [0x00000000d5a80000,0x00000000d5a80000,0x00000000d5c80000)
 ParOldGen       total 440832K, used 440813K [0x0000000080000000, 0x000000009ae80000, 0x00000000d5580000)
  object space 440832K, 99% used [0x0000000080000000,0x000000009ae7b4c8,0x000000009ae80000)
 Metaspace       used 63713K, committed 65152K, reserved 1114112K
  class space    used 6845K, committed 7488K, reserved 1048576K
}
Event: 13.324 GC heap before
{Heap before GC invocations=546 (full 3):
 PSYoungGen      total 6144K, used 5981K [0x00000000d5580000, 0x00000000d5e80000, 0x0000000100000000)
  eden space 4608K, 100% used [0x00000000d5580000,0x00000000d5a00000,0x00000000d5a00000)
  from space 1536K, 89% used [0x00000000d5d00000,0x00000000d5e57758,0x00000000d5e80000)
  to   space 2048K, 0% used [0x00000000d5a80000,0x00000000d5a80000,0x00000000d5c80000)
 ParOldGen       total 440832K, used 440813K [0x0000000080000000, 0x000000009ae80000, 0x00000000d5580000)
  object space 440832K, 99% used [0x0000000080000000,0x000000009ae7b4c8,0x000000009ae80000)
 Metaspace       used 63716K, committed 65152K, reserved 1114112K
  class space    used 6845K, committed 7488K, reserved 1048576K
}
Event: 13.327 GC heap after
{Heap after GC invocations=546 (full 3):
 PSYoungGen      total 7168K, used 2040K [0x00000000d5580000, 0x00000000d6800000, 0x0000000100000000)
  eden space 5120K, 0% used [0x00000000d5580000,0x00000000d5580000,0x00000000d5a80000)
  from space 2048K, 99% used [0x00000000d5a80000,0x00000000d5c7e0e0,0x00000000d5c80000)
  to   space 6656K, 0% used [0x00000000d6180000,0x00000000d6180000,0x00000000d6800000)
 ParOldGen       total 444928K, used 444433K [0x0000000080000000, 0x000000009b280000, 0x00000000d5580000)
  object space 444928K, 99% used [0x0000000080000000,0x000000009b2047d0,0x000000009b280000)
 Metaspace       used 63716K, committed 65152K, reserved 1114112K
  class space    used 6845K, committed 7488K, reserved 1048576K
}
Event: 13.354 GC heap before
{Heap before GC invocations=547 (full 3):
 PSYoungGen      total 7168K, used 7160K [0x00000000d5580000, 0x00000000d6800000, 0x0000000100000000)
  eden space 5120K, 100% used [0x00000000d5580000,0x00000000d5a80000,0x00000000d5a80000)
  from space 2048K, 99% used [0x00000000d5a80000,0x00000000d5c7e0e0,0x00000000d5c80000)
  to   space 6656K, 0% used [0x00000000d6180000,0x00000000d6180000,0x00000000d6800000)
 ParOldGen       total 444928K, used 444433K [0x0000000080000000, 0x000000009b280000, 0x00000000d5580000)
  object space 444928K, 99% used [0x0000000080000000,0x000000009b2047d0,0x000000009b280000)
 Metaspace       used 63765K, committed 65216K, reserved 1114112K
  class space    used 6853K, committed 7488K, reserved 1048576K
}
Event: 13.356 GC heap after
{Heap after GC invocations=547 (full 3):
 PSYoungGen      total 9728K, used 3096K [0x00000000d5580000, 0x00000000d6500000, 0x0000000100000000)
  eden space 6144K, 0% used [0x00000000d5580000,0x00000000d5580000,0x00000000d5b80000)
  from space 3584K, 86% used [0x00000000d6180000,0x00000000d64862b0,0x00000000d6500000)
  to   space 4096K, 0% used [0x00000000d5d00000,0x00000000d5d00000,0x00000000d6100000)
 ParOldGen       total 446464K, used 446022K [0x0000000080000000, 0x000000009b400000, 0x00000000d5580000)
  object space 446464K, 99% used [0x0000000080000000,0x000000009b391840,0x000000009b400000)
 Metaspace       used 63765K, committed 65216K, reserved 1114112K
  class space    used 6853K, committed 7488K, reserved 1048576K
}
Event: 30.944 GC heap before
{Heap before GC invocations=548 (full 3):
 PSYoungGen      total 9728K, used 9240K [0x00000000d5580000, 0x00000000d6500000, 0x0000000100000000)
  eden space 6144K, 100% used [0x00000000d5580000,0x00000000d5b80000,0x00000000d5b80000)
  from space 3584K, 86% used [0x00000000d6180000,0x00000000d64862b0,0x00000000d6500000)
  to   space 4096K, 0% used [0x00000000d5d00000,0x00000000d5d00000,0x00000000d6100000)
 ParOldGen       total 446464K, used 446022K [0x0000000080000000, 0x000000009b400000, 0x00000000d5580000)
  object space 446464K, 99% used [0x0000000080000000,0x000000009b391840,0x000000009b400000)
 Metaspace       used 63904K, committed 65280K, reserved 1114112K
  class space    used 6871K, committed 7488K, reserved 1048576K
}
Event: 30.946 GC heap after
{Heap after GC invocations=548 (full 3):
 PSYoungGen      total 7168K, used 832K [0x00000000d5580000, 0x00000000d6200000, 0x0000000100000000)
  eden space 6144K, 0% used [0x00000000d5580000,0x00000000d5580000,0x00000000d5b80000)
  from space 1024K, 81% used [0x00000000d5d00000,0x00000000d5dd0020,0x00000000d5e00000)
  to   space 2048K, 0% used [0x00000000d6000000,0x00000000d6000000,0x00000000d6200000)
 ParOldGen       total 448000K, used 447858K [0x0000000080000000, 0x000000009b580000, 0x00000000d5580000)
  object space 448000K, 99% used [0x0000000080000000,0x000000009b55cb50,0x000000009b580000)
 Metaspace       used 63904K, committed 65280K, reserved 1114112K
  class space    used 6871K, committed 7488K, reserved 1048576K
}

Dll operation events (12 events):
Event: 0.013 Loaded shared library c:\Users\carol\.vscode\extensions\redhat.java-1.45.0-win32-x64\jre\21.0.8-win32-x86_64\bin\java.dll
Event: 0.037 Loaded shared library c:\Users\carol\.vscode\extensions\redhat.java-1.45.0-win32-x64\jre\21.0.8-win32-x86_64\bin\zip.dll
Event: 0.092 Loaded shared library C:\Users\carol\.vscode\extensions\redhat.java-1.45.0-win32-x64\jre\21.0.8-win32-x86_64\bin\instrument.dll
Event: 0.097 Loaded shared library C:\Users\carol\.vscode\extensions\redhat.java-1.45.0-win32-x64\jre\21.0.8-win32-x86_64\bin\net.dll
Event: 0.101 Loaded shared library C:\Users\carol\.vscode\extensions\redhat.java-1.45.0-win32-x64\jre\21.0.8-win32-x86_64\bin\nio.dll
Event: 0.104 Loaded shared library C:\Users\carol\.vscode\extensions\redhat.java-1.45.0-win32-x64\jre\21.0.8-win32-x86_64\bin\zip.dll
Event: 0.120 Loaded shared library C:\Users\carol\.vscode\extensions\redhat.java-1.45.0-win32-x64\jre\21.0.8-win32-x86_64\bin\jimage.dll
Event: 0.207 Loaded shared library c:\Users\carol\.vscode\extensions\redhat.java-1.45.0-win32-x64\jre\21.0.8-win32-x86_64\bin\verify.dll
Event: 1.079 Loaded shared library C:\Users\carol\AppData\Roaming\Code\User\globalStorage\redhat.java\1.45.0\config_win\org.eclipse.equinox.launcher\org.eclipse.equinox.launcher.win32.win32.x86_64_1.2.1400.v20250801-0854\eclipse_11916.dll
Event: 3.617 Loaded shared library C:\Users\carol\AppData\Local\Temp\jna-94431409\jna5893583148420648486.dll
Event: 4.977 Loaded shared library C:\Users\carol\.vscode\extensions\redhat.java-1.45.0-win32-x64\jre\21.0.8-win32-x86_64\bin\sunmscapi.dll
Event: 5.146 Loaded shared library C:\Users\carol\.vscode\extensions\redhat.java-1.45.0-win32-x64\jre\21.0.8-win32-x86_64\bin\extnet.dll

Deoptimization events (20 events):
Event: 30.947 Thread 0x000002347ae37e90 Uncommon trap: trap_request=0xffffff45 fr.pc=0x00000234667c28a8 relative=0x0000000000000148
Event: 30.947 Thread 0x000002347ae37e90 Uncommon trap: reason=unstable_if action=reinterpret pc=0x00000234667c28a8 method=java.util.HashMap.getNode(Ljava/lang/Object;)Ljava/util/HashMap$Node; @ 66 c2
Event: 30.947 Thread 0x000002347ae37e90 DEOPT PACKING pc=0x00000234667c28a8 sp=0x00000037abffecc0
Event: 30.947 Thread 0x000002347ae37e90 DEOPT UNPACKING pc=0x0000023466023aa2 sp=0x00000037abffebd0 mode 2
Event: 30.947 Thread 0x000002347ae37e90 Uncommon trap: trap_request=0xffffff45 fr.pc=0x00000234667c30a8 relative=0x0000000000000148
Event: 30.947 Thread 0x000002347ae37e90 Uncommon trap: reason=unstable_if action=reinterpret pc=0x00000234667c30a8 method=java.util.HashMap.getNode(Ljava/lang/Object;)Ljava/util/HashMap$Node; @ 66 c2
Event: 30.947 Thread 0x000002347ae37e90 DEOPT PACKING pc=0x00000234667c30a8 sp=0x00000037abffebe0
Event: 30.947 Thread 0x000002347ae37e90 DEOPT UNPACKING pc=0x0000023466023aa2 sp=0x00000037abffeb60 mode 2
Event: 129069.347 Thread 0x000002347de2cbe0 Uncommon trap: trap_request=0xffffffd6 fr.pc=0x0000023466e9d664 relative=0x00000000000002c4
Event: 129069.347 Thread 0x000002347de2cbe0 Uncommon trap: reason=array_check action=maybe_recompile pc=0x0000023466e9d664 method=java.util.concurrent.ScheduledThreadPoolExecutor$DelayedWorkQueue.offer(Ljava/lang/Runnable;)Z @ 65 c2
Event: 129069.347 Thread 0x000002347de2cbe0 DEOPT PACKING pc=0x0000023466e9d664 sp=0x00000037aefff4e0
Event: 129069.347 Thread 0x000002347de2cbe0 DEOPT UNPACKING pc=0x0000023466023aa2 sp=0x00000037aefff380 mode 2
Event: 129079.360 Thread 0x000002347de2cbe0 Uncommon trap: trap_request=0xffffffd6 fr.pc=0x0000023466e9d664 relative=0x00000000000002c4
Event: 129079.360 Thread 0x000002347de2cbe0 Uncommon trap: reason=array_check action=maybe_recompile pc=0x0000023466e9d664 method=java.util.concurrent.ScheduledThreadPoolExecutor$DelayedWorkQueue.offer(Ljava/lang/Runnable;)Z @ 65 c2
Event: 129079.360 Thread 0x000002347de2cbe0 DEOPT PACKING pc=0x0000023466e9d664 sp=0x00000037aefff4e0
Event: 129079.360 Thread 0x000002347de2cbe0 DEOPT UNPACKING pc=0x0000023466023aa2 sp=0x00000037aefff380 mode 2
Event: 129080.789 Thread 0x000002347ae37e90 Uncommon trap: trap_request=0xffffffd6 fr.pc=0x0000023466e9d664 relative=0x00000000000002c4
Event: 129080.789 Thread 0x000002347ae37e90 Uncommon trap: reason=array_check action=maybe_recompile pc=0x0000023466e9d664 method=java.util.concurrent.ScheduledThreadPoolExecutor$DelayedWorkQueue.offer(Ljava/lang/Runnable;)Z @ 65 c2
Event: 129080.789 Thread 0x000002347ae37e90 DEOPT PACKING pc=0x0000023466e9d664 sp=0x00000037abfff080
Event: 129080.789 Thread 0x000002347ae37e90 DEOPT UNPACKING pc=0x0000023466023aa2 sp=0x00000037abffef20 mode 2

Classes loaded (20 events):
Event: 30.969 Loading class sun/util/locale/provider/TimeZoneNameUtility
Event: 30.970 Loading class sun/util/locale/provider/TimeZoneNameUtility done
Event: 30.970 Loading class sun/util/locale/provider/TimeZoneNameUtility$TimeZoneNameGetter
Event: 30.970 Loading class sun/util/locale/provider/TimeZoneNameUtility$TimeZoneNameGetter done
Event: 30.970 Loading class sun/util/cldr/CLDRTimeZoneNameProviderImpl
Event: 30.970 Loading class sun/util/locale/provider/TimeZoneNameProviderImpl
Event: 30.971 Loading class sun/util/locale/provider/TimeZoneNameProviderImpl done
Event: 30.971 Loading class sun/util/cldr/CLDRTimeZoneNameProviderImpl done
Event: 30.972 Loading class sun/util/locale/provider/BaseLocaleDataMetaInfo
Event: 30.972 Loading class sun/util/locale/provider/BaseLocaleDataMetaInfo done
Event: 30.973 Loading class sun/util/resources/cldr/TimeZoneNames
Event: 30.973 Loading class sun/util/resources/TimeZoneNamesBundle
Event: 30.973 Loading class sun/util/resources/OpenListResourceBundle
Event: 30.973 Loading class sun/util/resources/OpenListResourceBundle done
Event: 30.973 Loading class sun/util/resources/TimeZoneNamesBundle done
Event: 30.973 Loading class sun/util/resources/cldr/TimeZoneNames done
Event: 30.974 Loading class sun/util/resources/cldr/TimeZoneNames_en
Event: 30.976 Loading class sun/util/resources/cldr/TimeZoneNames_en done
Event: 30.976 Loading class sun/util/resources/cldr/TimeZoneNames_en_US
Event: 30.976 Loading class sun/util/resources/cldr/TimeZoneNames_en_US done

Classes unloaded (7 events):
Event: 4.003 Thread 0x000002345ba4e870 Unloading class 0x00000234011ac400 'java/lang/invoke/LambdaForm$MH+0x00000234011ac400'
Event: 4.003 Thread 0x000002345ba4e870 Unloading class 0x00000234011ac000 'java/lang/invoke/LambdaForm$MH+0x00000234011ac000'
Event: 4.003 Thread 0x000002345ba4e870 Unloading class 0x00000234011abc00 'java/lang/invoke/LambdaForm$MH+0x00000234011abc00'
Event: 4.003 Thread 0x000002345ba4e870 Unloading class 0x00000234011ab800 'java/lang/invoke/LambdaForm$MH+0x00000234011ab800'
Event: 4.003 Thread 0x000002345ba4e870 Unloading class 0x00000234011ab400 'java/lang/invoke/LambdaForm$BMH+0x00000234011ab400'
Event: 4.003 Thread 0x000002345ba4e870 Unloading class 0x00000234011ab000 'java/lang/invoke/LambdaForm$DMH+0x00000234011ab000'
Event: 4.003 Thread 0x000002345ba4e870 Unloading class 0x00000234011aa000 'java/lang/invoke/LambdaForm$DMH+0x00000234011aa000'

Classes redefined (0 events):
No events

Internal exceptions (20 events):
Event: 10.675 Thread 0x000002347de2d270 Exception <a 'sun/nio/fs/WindowsException'{0x00000000d5734dd0}> (0x00000000d5734dd0) 
thrown [s\src\hotspot\share\prims\jni.cpp, line 520]
Event: 10.675 Thread 0x000002347de2d270 Exception <a 'sun/nio/fs/WindowsException'{0x00000000d57419c8}> (0x00000000d57419c8) 
thrown [s\src\hotspot\share\prims\jni.cpp, line 520]
Event: 10.738 Thread 0x000002347de2d270 Exception <a 'java/lang/NoSuchMethodError'{0x00000000d5799448}: 'java.lang.Object java.lang.invoke.DirectMethodHandle$Holder.invokeStatic(java.lang.Object, java.lang.Object, int, java.lang.Object)'> (0x00000000d5799448) 
thrown [s\src\hotspot\share\interpreter\linkResolver.cpp, line 773]
Event: 10.738 Thread 0x000002347de2d270 Exception <a 'java/lang/NoSuchMethodError'{0x00000000d57c53d0}: 'java.lang.Object java.lang.invoke.DirectMethodHandle$Holder.newInvokeSpecial(java.lang.Object, java.lang.Object, int)'> (0x00000000d57c53d0) 
thrown [s\src\hotspot\share\interpreter\linkResolver.cpp, line 773]
Event: 10.911 Thread 0x000002347b1bf280 Exception <a 'java/lang/NoSuchMethodError'{0x00000000d56ff348}: 'java.lang.Object java.lang.invoke.DirectMethodHandle$Holder.invokeSpecial(java.lang.Object, java.lang.Object, int, long)'> (0x00000000d56ff348) 
thrown [s\src\hotspot\share\interpreter\linkResolver.cpp, line 773]
Event: 11.135 Thread 0x000002347b1bffa0 Implicit null exception at 0x0000023466ba140d to 0x0000023466ba2230
Event: 11.555 Thread 0x000002347de2d270 Exception <a 'java/io/FileNotFoundException'{0x00000000d560a280}> (0x00000000d560a280) 
thrown [s\src\hotspot\share\prims\jni.cpp, line 520]
Event: 11.555 Thread 0x000002347de2d270 Exception <a 'java/io/FileNotFoundException'{0x00000000d5615918}> (0x00000000d5615918) 
thrown [s\src\hotspot\share\prims\jni.cpp, line 520]
Event: 11.556 Thread 0x000002347de2d270 Exception <a 'java/io/FileNotFoundException'{0x00000000d5616868}> (0x00000000d5616868) 
thrown [s\src\hotspot\share\prims\jni.cpp, line 520]
Event: 11.584 Thread 0x000002347de2d270 Exception <a 'java/lang/NoSuchMethodError'{0x00000000d56ed058}: 'int java.lang.invoke.DirectMethodHandle$Holder.invokeSpecialIFC(java.lang.Object, java.lang.Object, java.lang.Object)'> (0x00000000d56ed058) 
thrown [s\src\hotspot\share\interpreter\linkResolver.cpp, line 773]
Event: 13.267 Thread 0x000002347b1bffa0 Exception <a 'sun/nio/fs/WindowsException'{0x00000000d55a0bc0}> (0x00000000d55a0bc0) 
thrown [s\src\hotspot\share\prims\jni.cpp, line 520]
Event: 13.353 Thread 0x0000023442721f80 Implicit null exception at 0x0000023466cc2db3 to 0x0000023466cc35ec
Event: 13.369 Thread 0x0000023442722610 Exception <a 'sun/nio/fs/WindowsException'{0x00000000d59955f0}> (0x00000000d59955f0) 
thrown [s\src\hotspot\share\prims\jni.cpp, line 520]
Event: 13.369 Thread 0x0000023442722610 Exception <a 'sun/nio/fs/WindowsException'{0x00000000d5995f00}> (0x00000000d5995f00) 
thrown [s\src\hotspot\share\prims\jni.cpp, line 520]
Event: 13.369 Thread 0x0000023442722610 Exception <a 'sun/nio/fs/WindowsException'{0x00000000d5996f08}> (0x00000000d5996f08) 
thrown [s\src\hotspot\share\prims\jni.cpp, line 520]
Event: 13.369 Thread 0x0000023442722610 Exception <a 'sun/nio/fs/WindowsException'{0x00000000d59977f8}> (0x00000000d59977f8) 
thrown [s\src\hotspot\share\prims\jni.cpp, line 520]
Event: 13.370 Thread 0x0000023442722610 Exception <a 'sun/nio/fs/WindowsException'{0x00000000d5998f08}> (0x00000000d5998f08) 
thrown [s\src\hotspot\share\prims\jni.cpp, line 520]
Event: 13.370 Thread 0x0000023442722610 Exception <a 'sun/nio/fs/WindowsException'{0x00000000d59997f8}> (0x00000000d59997f8) 
thrown [s\src\hotspot\share\prims\jni.cpp, line 520]
Event: 19.854 Thread 0x000002347de2df90 Exception <a 'java/lang/IncompatibleClassChangeError'{0x00000000d5a1a7b8}: Found class java.lang.Object, but interface was expected> (0x00000000d5a1a7b8) 
thrown [s\src\hotspot\share\interpreter\linkResolver.cpp, line 840]
Event: 30.938 Thread 0x000002347ae37e90 Implicit null exception at 0x0000023466a4f8c1 to 0x0000023466a4fc58

ZGC Phase Switch (0 events):
No events

VM Operations (20 events):
Event: 274287.066 Executing VM operation: HandshakeAllThreads (HandshakeForDeflation)
Event: 274287.066 Executing VM operation: HandshakeAllThreads (HandshakeForDeflation) done
Event: 274287.066 Executing VM operation: RendezvousGCThreads
Event: 274287.066 Executing VM operation: RendezvousGCThreads done
Event: 274347.128 Executing VM operation: HandshakeAllThreads (HandshakeForDeflation)
Event: 274347.128 Executing VM operation: HandshakeAllThreads (HandshakeForDeflation) done
Event: 274347.128 Executing VM operation: RendezvousGCThreads
Event: 274347.128 Executing VM operation: RendezvousGCThreads done
Event: 274407.341 Executing VM operation: HandshakeAllThreads (HandshakeForDeflation)
Event: 274407.342 Executing VM operation: HandshakeAllThreads (HandshakeForDeflation) done
Event: 274407.342 Executing VM operation: RendezvousGCThreads
Event: 274407.342 Executing VM operation: RendezvousGCThreads done
Event: 274467.544 Executing VM operation: HandshakeAllThreads (HandshakeForDeflation)
Event: 274467.544 Executing VM operation: HandshakeAllThreads (HandshakeForDeflation) done
Event: 274467.544 Executing VM operation: RendezvousGCThreads
Event: 274467.544 Executing VM operation: RendezvousGCThreads done
Event: 274648.030 Executing VM operation: HandshakeAllThreads (HandshakeForDeflation)
Event: 274648.030 Executing VM operation: HandshakeAllThreads (HandshakeForDeflation) done
Event: 274648.030 Executing VM operation: RendezvousGCThreads
Event: 274648.030 Executing VM operation: RendezvousGCThreads done

Memory protections (0 events):
No events

Nmethod flushes (20 events):
Event: 9.750 Thread 0x000002345ba4e870 flushing  nmethod 0x000002345f4c7e10
Event: 9.750 Thread 0x000002345ba4e870 flushing  nmethod 0x000002345f4cab90
Event: 9.750 Thread 0x000002345ba4e870 flushing  nmethod 0x000002345f4e4910
Event: 9.750 Thread 0x000002345ba4e870 flushing  nmethod 0x000002345f4e5d90
Event: 9.750 Thread 0x000002345ba4e870 flushing  nmethod 0x000002345f4e6490
Event: 9.750 Thread 0x000002345ba4e870 flushing  nmethod 0x000002345f4e7410
Event: 9.750 Thread 0x000002345ba4e870 flushing  nmethod 0x000002345f4e7a10
Event: 9.750 Thread 0x000002345ba4e870 flushing  nmethod 0x000002345f4e8290
Event: 9.750 Thread 0x000002345ba4e870 flushing  nmethod 0x000002345f4e8610
Event: 9.750 Thread 0x000002345ba4e870 flushing  nmethod 0x000002345f4ea990
Event: 9.750 Thread 0x000002345ba4e870 flushing  nmethod 0x000002345f529190
Event: 9.750 Thread 0x000002345ba4e870 flushing  nmethod 0x000002345f536490
Event: 9.750 Thread 0x000002345ba4e870 flushing  nmethod 0x000002345f58e410
Event: 9.750 Thread 0x000002345ba4e870 flushing  nmethod 0x000002345f58ee90
Event: 9.750 Thread 0x000002345ba4e870 flushing  nmethod 0x000002345f598d10
Event: 9.750 Thread 0x000002345ba4e870 flushing  nmethod 0x000002345f59a390
Event: 9.750 Thread 0x000002345ba4e870 flushing  nmethod 0x000002345f59a790
Event: 9.750 Thread 0x000002345ba4e870 flushing  nmethod 0x000002345f5a7b90
Event: 9.750 Thread 0x000002345ba4e870 flushing  nmethod 0x000002345f5c0810
Event: 9.750 Thread 0x000002345ba4e870 flushing  nmethod 0x000002345f5cd410

Events (20 events):
Event: 20.996 Thread 0x000002347de2e620 Thread exited: 0x000002347de2e620
Event: 30.933 Thread 0x0000023473a626d0 Thread added: 0x000002344184dad0
Event: 30.933 Thread 0x0000023473a626d0 Thread added: 0x000002344184e1a0
Event: 30.935 Thread 0x000002344184e1a0 Thread added: 0x000002344184fce0
Event: 30.937 Thread 0x000002344184dad0 Thread added: 0x00000234418503b0
Event: 30.954 Thread 0x000002344184e1a0 Thread added: 0x0000023441850a80
Event: 35.980 Thread 0x000002344184e1a0 Thread exited: 0x000002344184e1a0
Event: 35.980 Thread 0x0000023441850a80 Thread exited: 0x0000023441850a80
Event: 40.988 Thread 0x000002344184fce0 Thread exited: 0x000002344184fce0
Event: 40.989 Thread 0x000002344184dad0 Thread exited: 0x000002344184dad0
Event: 40.989 Thread 0x00000234418503b0 Thread exited: 0x00000234418503b0
Event: 73.277 Thread 0x000002347de2d900 Thread exited: 0x000002347de2d900
Event: 73.277 Thread 0x000002347b1c0cc0 Thread exited: 0x000002347b1c0cc0
Event: 73.354 Thread 0x000002347b1c1350 Thread exited: 0x000002347b1c1350
Event: 73.385 Thread 0x0000023442722610 Thread exited: 0x0000023442722610
Event: 73.477 Thread 0x000002347de2d270 Thread exited: 0x000002347de2d270
Event: 133.387 Thread 0x0000023442720bd0 Thread exited: 0x0000023442720bd0
Event: 193.395 Thread 0x000002344271feb0 Thread exited: 0x000002344271feb0
Event: 253.407 Thread 0x0000023442722ca0 Thread exited: 0x0000023442722ca0
Event: 313.422 Thread 0x0000023442721f80 Thread exited: 0x0000023442721f80


Dynamic libraries:
0x00007ff744800000 - 0x00007ff74480e000 	c:\Users\carol\.vscode\extensions\redhat.java-1.45.0-win32-x64\jre\21.0.8-win32-x86_64\bin\java.exe
0x00007ffbb73c0000 - 0x00007ffbb7629000 	C:\WINDOWS\SYSTEM32\ntdll.dll
0x00007ffbb5d30000 - 0x00007ffbb5df9000 	C:\WINDOWS\System32\KERNEL32.DLL
0x00007ffbb47c0000 - 0x00007ffbb4bb3000 	C:\WINDOWS\System32\KERNELBASE.dll
0x00007ffbb4bc0000 - 0x00007ffbb4d0b000 	C:\WINDOWS\System32\ucrtbase.dll
0x00007ffb7b770000 - 0x00007ffb7b78e000 	c:\Users\carol\.vscode\extensions\redhat.java-1.45.0-win32-x64\jre\21.0.8-win32-x86_64\bin\VCRUNTIME140.dll
0x00007ffb7f960000 - 0x00007ffb7f978000 	c:\Users\carol\.vscode\extensions\redhat.java-1.45.0-win32-x64\jre\21.0.8-win32-x86_64\bin\jli.dll
0x00007ffbb5190000 - 0x00007ffbb5354000 	C:\WINDOWS\System32\USER32.dll
0x00007ffbb4db0000 - 0x00007ffbb4dd7000 	C:\WINDOWS\System32\win32u.dll
0x00007ffbb6e20000 - 0x00007ffbb6e4b000 	C:\WINDOWS\System32\GDI32.dll
0x00007ffbb4690000 - 0x00007ffbb47bd000 	C:\WINDOWS\System32\gdi32full.dll
0x00007ffb9c090000 - 0x00007ffb9c323000 	C:\WINDOWS\WinSxS\amd64_microsoft.windows.common-controls_6595b64144ccf1df_6.0.26100.5074_none_3e0d6f78e32fd63f\COMCTL32.dll
0x00007ffbb45e0000 - 0x00007ffbb4683000 	C:\WINDOWS\System32\msvcp_win.dll
0x00007ffbb7150000 - 0x00007ffbb71f9000 	C:\WINDOWS\System32\msvcrt.dll
0x00007ffbb7200000 - 0x00007ffbb722f000 	C:\WINDOWS\System32\IMM32.DLL
0x00007ffb842d0000 - 0x00007ffb842dc000 	c:\Users\carol\.vscode\extensions\redhat.java-1.45.0-win32-x64\jre\21.0.8-win32-x86_64\bin\vcruntime140_1.dll
0x00007ffaade80000 - 0x00007ffaadf0d000 	c:\Users\carol\.vscode\extensions\redhat.java-1.45.0-win32-x64\jre\21.0.8-win32-x86_64\bin\msvcp140.dll
0x00007ffaa6ee0000 - 0x00007ffaa7c77000 	c:\Users\carol\.vscode\extensions\redhat.java-1.45.0-win32-x64\jre\21.0.8-win32-x86_64\bin\server\jvm.dll
0x00007ffbb6550000 - 0x00007ffbb6604000 	C:\WINDOWS\System32\ADVAPI32.dll
0x00007ffbb5b30000 - 0x00007ffbb5bd6000 	C:\WINDOWS\System32\sechost.dll
0x00007ffbb63b0000 - 0x00007ffbb64c8000 	C:\WINDOWS\System32\RPCRT4.dll
0x00007ffbb6270000 - 0x00007ffbb62e4000 	C:\WINDOWS\System32\WS2_32.dll
0x00007ffbb43b0000 - 0x00007ffbb440e000 	C:\WINDOWS\SYSTEM32\POWRPROF.dll
0x00007ffbaa830000 - 0x00007ffbaa83b000 	C:\WINDOWS\SYSTEM32\VERSION.dll
0x00007ffbad220000 - 0x00007ffbad255000 	C:\WINDOWS\SYSTEM32\WINMM.dll
0x00007ffbb4390000 - 0x00007ffbb43a4000 	C:\WINDOWS\SYSTEM32\UMPDC.dll
0x00007ffbb3300000 - 0x00007ffbb331b000 	C:\WINDOWS\SYSTEM32\kernel.appcore.dll
0x00007ffb82fe0000 - 0x00007ffb82fea000 	c:\Users\carol\.vscode\extensions\redhat.java-1.45.0-win32-x64\jre\21.0.8-win32-x86_64\bin\jimage.dll
0x00007ffbb16a0000 - 0x00007ffbb18e2000 	C:\WINDOWS\SYSTEM32\DBGHELP.DLL
0x00007ffbb5e10000 - 0x00007ffbb618b000 	C:\WINDOWS\System32\combase.dll
0x00007ffbb6190000 - 0x00007ffbb6267000 	C:\WINDOWS\System32\OLEAUT32.dll
0x00007ffb855a0000 - 0x00007ffb855dd000 	C:\WINDOWS\SYSTEM32\dbgcore.DLL
0x00007ffbb4d10000 - 0x00007ffbb4da9000 	C:\WINDOWS\System32\bcryptPrimitives.dll
0x00007ffb822e0000 - 0x00007ffb822ef000 	c:\Users\carol\.vscode\extensions\redhat.java-1.45.0-win32-x64\jre\21.0.8-win32-x86_64\bin\instrument.dll
0x00007ffb7aad0000 - 0x00007ffb7aaef000 	c:\Users\carol\.vscode\extensions\redhat.java-1.45.0-win32-x64\jre\21.0.8-win32-x86_64\bin\java.dll
0x00007ffbb53e0000 - 0x00007ffbb5b2d000 	C:\WINDOWS\System32\SHELL32.dll
0x00007ffbb4ea0000 - 0x00007ffbb500c000 	C:\WINDOWS\System32\wintypes.dll
0x00007ffbb2170000 - 0x00007ffbb29c9000 	C:\WINDOWS\SYSTEM32\windows.storage.dll
0x00007ffbb6ff0000 - 0x00007ffbb70e0000 	C:\WINDOWS\System32\SHCORE.dll
0x00007ffbb5360000 - 0x00007ffbb53c2000 	C:\WINDOWS\System32\shlwapi.dll
0x00007ffbb4470000 - 0x00007ffbb4499000 	C:\WINDOWS\SYSTEM32\profapi.dll
0x00007ffb7a5c0000 - 0x00007ffb7a5d8000 	c:\Users\carol\.vscode\extensions\redhat.java-1.45.0-win32-x64\jre\21.0.8-win32-x86_64\bin\zip.dll
0x00007ffb7a090000 - 0x00007ffb7a0a0000 	C:\Users\carol\.vscode\extensions\redhat.java-1.45.0-win32-x64\jre\21.0.8-win32-x86_64\bin\net.dll
0x00007ffbaa690000 - 0x00007ffbaa7af000 	C:\WINDOWS\SYSTEM32\WINHTTP.dll
0x00007ffbb3860000 - 0x00007ffbb38cb000 	C:\WINDOWS\system32\mswsock.dll
0x00007ffb79100000 - 0x00007ffb79116000 	C:\Users\carol\.vscode\extensions\redhat.java-1.45.0-win32-x64\jre\21.0.8-win32-x86_64\bin\nio.dll
0x00007ffb79320000 - 0x00007ffb79330000 	c:\Users\carol\.vscode\extensions\redhat.java-1.45.0-win32-x64\jre\21.0.8-win32-x86_64\bin\verify.dll
0x00007ffb373f0000 - 0x00007ffb37434000 	C:\Users\carol\AppData\Roaming\Code\User\globalStorage\redhat.java\1.45.0\config_win\org.eclipse.equinox.launcher\org.eclipse.equinox.launcher.win32.win32.x86_64_1.2.1400.v20250801-0854\eclipse_11916.dll
0x00007ffbb6c80000 - 0x00007ffbb6e18000 	C:\WINDOWS\System32\ole32.dll
0x00007ffbb3b30000 - 0x00007ffbb3b4b000 	C:\WINDOWS\SYSTEM32\CRYPTSP.dll
0x00007ffbb3260000 - 0x00007ffbb329b000 	C:\WINDOWS\system32\rsaenh.dll
0x00007ffbb3900000 - 0x00007ffbb392b000 	C:\WINDOWS\SYSTEM32\USERENV.dll
0x00007ffbb4440000 - 0x00007ffbb4466000 	C:\WINDOWS\SYSTEM32\bcrypt.dll
0x00007ffbb3a90000 - 0x00007ffbb3a9c000 	C:\WINDOWS\SYSTEM32\CRYPTBASE.dll
0x00007ffbb2da0000 - 0x00007ffbb2dd4000 	C:\WINDOWS\SYSTEM32\IPHLPAPI.DLL
0x00007ffbb5e00000 - 0x00007ffbb5e0a000 	C:\WINDOWS\System32\NSI.dll
0x00007ffb27e40000 - 0x00007ffb27e89000 	C:\Users\carol\AppData\Local\Temp\jna-94431409\jna5893583148420648486.dll
0x00007ffbb53d0000 - 0x00007ffbb53d8000 	C:\WINDOWS\System32\PSAPI.DLL
0x00007ffbad980000 - 0x00007ffbad99e000 	C:\WINDOWS\SYSTEM32\dhcpcsvc6.DLL
0x00007ffbad910000 - 0x00007ffbad933000 	C:\WINDOWS\SYSTEM32\dhcpcsvc.DLL
0x00007ffb77b50000 - 0x00007ffb77b5e000 	C:\Users\carol\.vscode\extensions\redhat.java-1.45.0-win32-x64\jre\21.0.8-win32-x86_64\bin\sunmscapi.dll
0x00007ffbb5010000 - 0x00007ffbb5187000 	C:\WINDOWS\System32\CRYPT32.dll
0x00007ffbb3d70000 - 0x00007ffbb3da0000 	C:\WINDOWS\SYSTEM32\ncrypt.dll
0x00007ffbb3d20000 - 0x00007ffbb3d5f000 	C:\WINDOWS\SYSTEM32\NTASN1.dll
0x00007ffbb2de0000 - 0x00007ffbb2f06000 	C:\WINDOWS\SYSTEM32\DNSAPI.dll
0x00007ffbaa8e0000 - 0x00007ffbaa8eb000 	C:\Windows\System32\rasadhlp.dll
0x00007ffbae1f0000 - 0x00007ffbae276000 	C:\WINDOWS\System32\fwpuclnt.dll
0x00007ffb72df0000 - 0x00007ffb72df9000 	C:\Users\carol\.vscode\extensions\redhat.java-1.45.0-win32-x64\jre\21.0.8-win32-x86_64\bin\extnet.dll

JVMTI agents:
c:\Users\carol\.vscode\extensions\redhat.java-1.45.0-win32-x64\lombok\lombok-1.18.39-4050.jar path:c:\Users\carol\.vscode\extensions\redhat.java-1.45.0-win32-x64\jre\21.0.8-win32-x86_64\bin\instrument.dll, loaded, initialized, instrumentlib options:none

dbghelp: loaded successfully - version: 4.0.5 - missing functions: none
symbol engine: initialized successfully - sym options: 0x614 - pdb path: .;c:\Users\carol\.vscode\extensions\redhat.java-1.45.0-win32-x64\jre\21.0.8-win32-x86_64\bin;C:\WINDOWS\SYSTEM32;C:\WINDOWS\WinSxS\amd64_microsoft.windows.common-controls_6595b64144ccf1df_6.0.26100.5074_none_3e0d6f78e32fd63f;c:\Users\carol\.vscode\extensions\redhat.java-1.45.0-win32-x64\jre\21.0.8-win32-x86_64\bin\server;C:\Users\carol\AppData\Roaming\Code\User\globalStorage\redhat.java\1.45.0\config_win\org.eclipse.equinox.launcher\org.eclipse.equinox.launcher.win32.win32.x86_64_1.2.1400.v20250801-0854;C:\Users\carol\AppData\Local\Temp\jna-94431409

VM Arguments:
jvm_args: --add-modules=ALL-SYSTEM --add-opens=java.base/java.util=ALL-UNNAMED --add-opens=java.base/java.lang=ALL-UNNAMED --add-opens=java.base/sun.nio.fs=ALL-UNNAMED -Declipse.application=org.eclipse.jdt.ls.core.id1 -Dosgi.bundles.defaultStartLevel=4 -Declipse.product=org.eclipse.jdt.ls.core.product -Djava.import.generatesMetadataFilesAtProjectRoot=false -DDetectVMInstallationsJob.disabled=true -Dfile.encoding=utf8 -XX:+UseParallelGC -XX:GCTimeRatio=4 -XX:AdaptiveSizePolicyWeight=90 -Dsun.zip.disableMemoryMapping=true -Xmx2G -Xms100m -Xlog:disable -javaagent:c:\Users\carol\.vscode\extensions\redhat.java-1.45.0-win32-x64\lombok\lombok-1.18.39-4050.jar -XX:+HeapDumpOnOutOfMemoryError -XX:HeapDumpPath=c:\Users\carol\AppData\Roaming\Code\User\workspaceStorage\3a27b4590059524d07cab0e0458ff650\redhat.java -Daether.dependencyCollector.impl=bf 
java_command: c:\Users\carol\.vscode\extensions\redhat.java-1.45.0-win32-x64\server\plugins\org.eclipse.equinox.launcher_1.7.0.v20250519-0528.jar -configuration c:\Users\carol\AppData\Roaming\Code\User\globalStorage\redhat.java\1.45.0\config_win -data c:\Users\carol\AppData\Roaming\Code\User\workspaceStorage\3a27b4590059524d07cab0e0458ff650\redhat.java\jdt_ws --pipe=\\.\pipe\lsp-5eafbd4137e4cff8d386032ff0056aca-sock
java_class_path (initial): c:\Users\carol\.vscode\extensions\redhat.java-1.45.0-win32-x64\server\plugins\org.eclipse.equinox.launcher_1.7.0.v20250519-0528.jar
Launcher Type: SUN_STANDARD

[Global flags]
    uintx AdaptiveSizePolicyWeight                 = 90                                        {product} {command line}
     intx CICompilerCount                          = 12                                        {product} {ergonomic}
    uintx GCTimeRatio                              = 4                                         {product} {command line}
     bool HeapDumpOnOutOfMemoryError               = true                                   {manageable} {command line}
    ccstr HeapDumpPath                             = c:\Users\carol\AppData\Roaming\Code\User\workspaceStorage\3a27b4590059524d07cab0e0458ff650\redhat.java         {manageable} {command line}
   size_t InitialHeapSize                          = 104857600                                 {product} {command line}
   size_t MaxHeapSize                              = 2147483648                                {product} {command line}
   size_t MaxNewSize                               = 715653120                                 {product} {ergonomic}
   size_t MinHeapDeltaBytes                        = 524288                                    {product} {ergonomic}
   size_t MinHeapSize                              = 104857600                                 {product} {command line}
   size_t NewSize                                  = 34603008                                  {product} {ergonomic}
    uintx NonNMethodCodeHeapSize                   = 7602480                                {pd product} {ergonomic}
    uintx NonProfiledCodeHeapSize                  = 122027880                              {pd product} {ergonomic}
   size_t OldSize                                  = 70254592                                  {product} {ergonomic}
    uintx ProfiledCodeHeapSize                     = 122027880                              {pd product} {ergonomic}
    uintx ReservedCodeCacheSize                    = 251658240                              {pd product} {ergonomic}
     bool SegmentedCodeCache                       = true                                      {product} {ergonomic}
   size_t SoftMaxHeapSize                          = 2147483648                             {manageable} {ergonomic}
     bool UseCompressedOops                        = true                           {product lp64_product} {ergonomic}
     bool UseLargePagesIndividualAllocation        = false                                  {pd product} {ergonomic}
     bool UseParallelGC                            = true                                      {product} {command line}

Logging:
Log output configuration:
 #0: stdout all=off uptime,level,tags foldmultilines=false
 #1: stderr all=off uptime,level,tags foldmultilines=false

Environment Variables:
PATH=C:\Program Files\Common Files\Oracle\Java\javapath;C:\WINDOWS\system32;C:\WINDOWS;C:\WINDOWS\System32\Wbem;C:\WINDOWS\System32\WindowsPowerShell\v1.0\;C:\WINDOWS\System32\OpenSSH\;C:\Program Files\dotnet\;C:\Program Files\Git\cmd;C:\Users\carol\AppData\Local\Programs\Python\Launcher\;C:\Users\carol\AppData\Local\Microsoft\WindowsApps;C:\Users\carol\AppData\Local\Programs\Microsoft VS Code\bin;C:\Users\carol\AppData\Local\GitHubDesktop\bin;C:\Program Files\JetBrains\PyCharm 2025.2.0.1\bin
USERNAME=carol
OS=Windows_NT
PROCESSOR_IDENTIFIER=Intel64 Family 6 Model 170 Stepping 4, GenuineIntel
TMP=C:\Users\carol\AppData\Local\Temp
TEMP=C:\Users\carol\AppData\Local\Temp




Periodic native trim disabled

---------------  S Y S T E M  ---------------

OS:
 Windows 11 , 64 bit Build 26100 (10.0.26100.5074)
OS uptime: 3 days 18:06 hours
Hyper-V role detected

CPU: total 22 (initial active 22) (11 cores per cpu, 2 threads per core) family 6 model 170 stepping 4 microcode 0x1c, cx8, cmov, fxsr, ht, mmx, 3dnowpref, sse, sse2, sse3, ssse3, sse4.1, sse4.2, popcnt, lzcnt, tsc, tscinvbit, avx, avx2, aes, erms, clmul, bmi1, bmi2, adx, sha, fma, vzeroupper, clflush, clflushopt, clwb, hv, serialize, rdtscp, rdpid, fsrm, f16c, cet_ibt, cet_ss
Processor Information for processor 0
  Max Mhz: 2300, Current Mhz: 2300, Mhz Limit: 2300
Processor Information for processor 1
  Max Mhz: 2300, Current Mhz: 2300, Mhz Limit: 2300
Processor Information for processor 2
  Max Mhz: 1800, Current Mhz: 1800, Mhz Limit: 1800
Processor Information for processor 3
  Max Mhz: 1800, Current Mhz: 1800, Mhz Limit: 1800
Processor Information for processor 4
  Max Mhz: 1800, Current Mhz: 1800, Mhz Limit: 1800
Processor Information for processor 5
  Max Mhz: 1800, Current Mhz: 1500, Mhz Limit: 1800
Processor Information for processor 6
  Max Mhz: 1800, Current Mhz: 1500, Mhz Limit: 1800
Processor Information for processor 7
  Max Mhz: 1800, Current Mhz: 1500, Mhz Limit: 1800
Processor Information for processor 8
  Max Mhz: 1800, Current Mhz: 1800, Mhz Limit: 1800
Processor Information for processor 9
  Max Mhz: 1800, Current Mhz: 1800, Mhz Limit: 1800
Processor Information for processor 10
  Max Mhz: 2300, Current Mhz: 2300, Mhz Limit: 2300
Processor Information for processor 11
  Max Mhz: 2300, Current Mhz: 2300, Mhz Limit: 2300
Processor Information for processor 12
  Max Mhz: 2300, Current Mhz: 2300, Mhz Limit: 2300
Processor Information for processor 13
  Max Mhz: 2300, Current Mhz: 2300, Mhz Limit: 2300
Processor Information for processor 14
  Max Mhz: 2300, Current Mhz: 1478, Mhz Limit: 2300
Processor Information for processor 15
  Max Mhz: 2300, Current Mhz: 1478, Mhz Limit: 2300
Processor Information for processor 16
  Max Mhz: 2300, Current Mhz: 1478, Mhz Limit: 2300
Processor Information for processor 17
  Max Mhz: 2300, Current Mhz: 1478, Mhz Limit: 2300
Processor Information for processor 18
  Max Mhz: 2300, Current Mhz: 1478, Mhz Limit: 2300
Processor Information for processor 19
  Max Mhz: 2300, Current Mhz: 1478, Mhz Limit: 2300
Processor Information for processor 20
  Max Mhz: 1000, Current Mhz: 1000, Mhz Limit: 1000
Processor Information for processor 21
  Max Mhz: 1000, Current Mhz: 1000, Mhz Limit: 1000

Memory: 4k page, system-wide physical 32373M (14179M free)
TotalPageFile size 70773M (AvailPageFile size 5M)
current process WorkingSet (physical memory assigned to process): 15M, peak: 816M
current process commit charge ("private bytes"): 729M, peak: 781M

vm_info: OpenJDK 64-Bit Server VM (21.0.8+9-LTS) for windows-amd64 JRE (21.0.8+9-LTS), built on 2025-07-15T00:00:00Z by "admin" with MS VC++ 17.7 (VS2022)

END.
